#
# A fatal error has been detected by the Java Runtime Environment:
#
#  EXCEPTION_ACCESS_VIOLATION (0xc0000005) at pc=0x00007ffe1879bbc0, pid=3704, tid=7632
#
# JRE version: Java(TM) SE Runtime Environment (21.0.6+8) (build 21.0.6+8-LTS-188)
# Java VM: Java HotSpot(TM) 64-Bit Server VM (21.0.6+8-LTS-188, mixed mode, sharing, tiered, compressed oops, compressed class ptrs, g1 gc, windows-amd64)
# Problematic frame:
# C  [nvd3dumx.dll+0x2dbbc0]
#
# No core dump will be written. Minidumps are not enabled by default on client versions of Windows
#
# If you would like to submit a bug report, please visit:
#   https://bugreport.java.com/bugreport/crash.jsp
# The crash happened outside the Java Virtual Machine in native code.
# See problematic frame for where to report the bug.
#

---------------  S U M M A R Y ------------

Command Line: com.pbo.responsi.Responsi

Host: Intel(R) Core(TM) i3-7100 CPU @ 3.90GHz, 4 cores, 7G,  Windows 10 , 64 bit Build 17763 (10.0.17763.3287)
Time: Tue May 19 16:00:53 2026 Line Islands Standard Time elapsed time: 0.179005 seconds (0d 0h 0m 0s)

---------------  T H R E A D  ---------------

Current thread (0x000001ddfdb5daf0):  JavaThread "AWT-Windows" daemon [_thread_in_native, id=7632, stack(0x000000a3a0a00000,0x000000a3a0b00000) (1024K)]

Stack: [0x000000a3a0a00000,0x000000a3a0b00000],  sp=0x000000a3a0afb298,  free space=1004k
Native frames: (J=compiled Java code, j=interpreted, Vv=VM code, C=native code)
C  [nvd3dumx.dll+0x2dbbc0]

Java frames: (J=compiled Java code, j=interpreted, Vv=VM code)
j  sun.java2d.d3d.D3DGraphicsDevice.getDeviceCapsNative(I)I+0 java.desktop@21.0.6
j  sun.java2d.d3d.D3DGraphicsDevice$1.run()V+8 java.desktop@21.0.6
v  ~StubRoutines::call_stub 0x000001ddf10d100d
j  sun.awt.windows.WToolkit.eventLoop()V+0 java.desktop@21.0.6
j  sun.awt.windows.WToolkit.run()V+50 java.desktop@21.0.6
j  java.lang.Thread.runWith(Ljava/lang/Object;Ljava/lang/Runnable;)V+5 java.base@21.0.6
j  java.lang.Thread.run()V+19 java.base@21.0.6
v  ~StubRoutines::call_stub 0x000001ddf10d100d

siginfo: EXCEPTION_ACCESS_VIOLATION (0xc0000005), writing address 0x00007ffe5b79ffc7


Registers:
RAX=0x000001ddfe2de590, RBX=0x0000000000000001, RCX=0x000001ddfe2de590, RDX=0x000001ddfdc34598
RSP=0x000000a3a0afb298, RBP=0x000001ddfdc34598, RSI=0x0000000000000000, RDI=0x000001ddfdc34080
R8 =0x0000000000000060, R9 =0x000001ddfe2de590, R10=0x0000000000000000, R11=0x000001ddfdc34b38
R12=0x000001ddfdc29778, R13=0x0000000000003001, R14=0x0000000000000000, R15=0x0000000000000000
RIP=0x00007ffe1879bbc0, EFLAGS=0x0000000000010206


Register to memory mapping:

RAX=0x000001ddfe2de590 points into unknown readable memory: 0x0000000000000060 | 60 00 00 00 00 00 00 00
RBX=0x0000000000000001 is an unknown value
RCX=0x000001ddfe2de590 points into unknown readable memory: 0x0000000000000060 | 60 00 00 00 00 00 00 00
RDX=0x000001ddfdc34598 points into unknown readable memory: 0x000001ddfdc34080 | 80 40 c3 fd dd 01 00 00
RSP=0x000000a3a0afb298 is pointing into the stack for thread: 0x000001ddfdb5daf0
RBP=0x000001ddfdc34598 points into unknown readable memory: 0x000001ddfdc34080 | 80 40 c3 fd dd 01 00 00
RSI=0x0 is null
RDI=0x000001ddfdc34080 points into unknown readable memory: 0x000000a3a0afb560 | 60 b5 af a0 a3 00 00 00
R8 =0x0000000000000060 is an unknown value
R9 =0x000001ddfe2de590 points into unknown readable memory: 0x0000000000000060 | 60 00 00 00 00 00 00 00
R10=0x0 is null
R11=0x000001ddfdc34b38 points into unknown readable memory: 0x0000000000000000 | 00 00 00 00 00 00 00 00
R12=0x000001ddfdc29778 points into unknown readable memory: 0x000000a3a0afb560 | 60 b5 af a0 a3 00 00 00
R13=0x0000000000003001 is an unknown value
R14=0x0 is null
R15=0x0 is null

Top of Stack: (sp=0x000000a3a0afb298)
0x000000a3a0afb298:   00007ffe1896bc09 000001ddfe2de570
0x000000a3a0afb2a8:   0000000000000000 000001ddfdc34080
0x000000a3a0afb2b8:   0000000000000000 000001ddfe2bd670
0x000000a3a0afb2c8:   0000000000000000 000001ddfdc29778
0x000000a3a0afb2d8:   000000a3a0afb890 000000a3a0afb470
0x000000a3a0afb2e8:   000000a3a0afb468 000000a3a0afb890
0x000000a3a0afb2f8:   000001ddfdc29778 000000a3a0afb470
0x000000a3a0afb308:   00007ffe18d3c585 000001ddfdc29778
0x000000a3a0afb318:   0000000000007473 0000000000000001
0x000000a3a0afb328:   0000000000000001 000000a3a0afb890
0x000000a3a0afb338:   00007ffe18d43115 000001ddfdc27fc0
0x000000a3a0afb348:   0000000000000000 000001ddfe2bd390
0x000000a3a0afb358:   0000000000000001 000000a3a0afb470
0x000000a3a0afb368:   00007ffe18d04253 0000000000000001
0x000000a3a0afb378:   000000a3a0afb890 000001ddfdc27fc0
0x000000a3a0afb388:   000000a3a0afb560 000000a3a0afb501
0x000000a3a0afb398:   000000a3a0afb518 000001dd00000004
0x000000a3a0afb3a8:   000001ddfdc264e8 000000a3a0afb410
0x000000a3a0afb3b8:   000000a3a0afb4e0 000000a3a0afb4e8
0x000000a3a0afb3c8:   00007ffe00000001 000000a3a0afb710
0x000000a3a0afb3d8:   000000a3a0afb590 0000000000000000
0x000000a3a0afb3e8:   000001ddfdc26500 0000000100000001
0x000000a3a0afb3f8:   0000000000000000 0000000000000001
0x000000a3a0afb408:   000001ddfdc27fc0 0020005d00000001
0x000000a3a0afb418:   0000000000000010 0000000000000012
0x000000a3a0afb428:   000001ddfe2bd390 000001ddfe2bd670
0x000000a3a0afb438:   000001ddfdc27fc0 0000000000000000
0x000000a3a0afb448:   000001ddfe2bd670 0030000100000001
0x000000a3a0afb458:   0000000000000000 000001ddfda176a0
0x000000a3a0afb468:   000001ddfdc27fc0 000001ddfdc27fc0
0x000000a3a0afb478:   000001ddfdc0a998 000001ddfdc0aa58
0x000000a3a0afb488:   0000000000000000 000001ddfdc0ab88 

Instructions: (pc=0x00007ffe1879bbc0)
0x00007ffe1879bac0:   65 00 72 00 22 00 3a 00 20 00 22 00 31 00 36 00
0x00007ffe1879bad0:   2e 00 30 00 2e 00 31 00 31 00 39 00 30 00 31 00
0x00007ffe1879bae0:   2e 00 32 00 30 00 31 00 37 00 36 00 22 00 2c 00
0x00007ffe1879baf0:   20 00 22 00 43 00 32 00 52 00 43 00 6c 00 69 00
0x00007ffe1879bb00:   65 00 6e 00 74 00 56 00 65 00 72 00 22 00 3a 00
0x00007ffe1879bb10:   20 00 22 00 31 00 36 00 2e 00 30 00 2e 00 31 00
0x00007ffe1879bb20:   31 00 39 00 30 00 31 00 2e 00 32 00 30 00 31 00
0x00007ffe1879bb30:   37 00 30 00 22 00 2c 00 20 00 22 00 43 00 6f 00
0x00007ffe1879bb40:   6e 00 74 00 65 00 78 00 74 00 44 00 61 00 74 00
0x00007ffe1879bb50:   61 00 22 00 3a 00 20 00 22 00 50 00 6f 00 70 00
0x00007ffe1879bb60:   75 00 6c 00 61 00 74 00 69 00 6e 00 67 00 20 00
0x00007ffe1879bb70:   69 00 6e 00 69 00 74 00 69 00 61 00 6c 00 20 00
0x00007ffe1879bb80:   63 00 6f 00 6e 00 66 00 69 00 67 00 75 00 72 00
0x00007ffe1879bb90:   61 00 74 00 69 00 6f 00 6e 00 20 00 73 00 65 00
0x00007ffe1879bba0:   74 00 74 00 69 00 6e 00 67 00 73 00 22 00 7d 00
0x00007ffe1879bbb0:   09 00 37 00 41 00 36 00 36 00 37 00 42 00 30 00
0x00007ffe1879bbc0:   44 00 2d 00 44 00 43 00 41 00 30 00 2d 00 34 00
0x00007ffe1879bbd0:   46 00 35 00 39 00 2d 00 38 00 43 00 43 00 44 00
0x00007ffe1879bbe0:   2d 00 46 00 31 00 42 00 39 00 42 00 32 00 36 00
0x00007ffe1879bbf0:   44 00 43 00 34 00 42 00 42 00 0d 00 0a 00 30 00
0x00007ffe1879bc00:   ff 25 f2 61 00 00 cc cc cc cc cc cc cc cc cc cc
0x00007ffe1879bc10:   ff 25 da 61 00 00 cc cc cc cc cc cc cc cc cc cc
0x00007ffe1879bc20:   ff 25 c2 61 00 00 cc cc cc cc cc cc cc cc cc cc
0x00007ffe1879bc30:   ff 25 aa 61 00 00 cc cc cc cc cc cc cc cc cc cc
0x00007ffe1879bc40:   ff 25 92 61 00 00 cc cc cc cc cc cc cc cc cc cc
0x00007ffe1879bc50:   ff 25 6a 61 00 00 cc cc cc cc cc cc cc cc cc cc
0x00007ffe1879bc60:   ff 25 52 61 00 00 cc cc cc cc cc cc cc cc cc cc
0x00007ffe1879bc70:   ff 25 3a 61 00 00 cc cc cc cc cc cc cc cc cc cc
0x00007ffe1879bc80:   ff 25 22 61 00 00 cc cc cc cc cc cc cc cc cc cc
0x00007ffe1879bc90:   ff 25 0a 61 00 00 cc cc cc cc cc cc ff 25 4e 62
0x00007ffe1879bca0:   00 00 cc cc cc cc cc cc cc cc cc cc cc cc cc cc
0x00007ffe1879bcb0:   cc cc cc cc cc cc 66 66 0f 1f 84 00 00 00 00 00 


Stack slot to memory mapping:

stack at sp + 0 slots: 0x00007ffe1896bc09 nvd3dumx.dll
stack at sp + 1 slots: 0x000001ddfe2de570 points into unknown readable memory: 0x0000000000000101 | 01 01 00 00 00 00 00 00
stack at sp + 2 slots: 0x0 is null
stack at sp + 3 slots: 0x000001ddfdc34080 points into unknown readable memory: 0x000000a3a0afb560 | 60 b5 af a0 a3 00 00 00
stack at sp + 4 slots: 0x0 is null
stack at sp + 5 slots: 0x000001ddfe2bd670 points into unknown readable memory: 0x000000a3a0afb370 | 70 b3 af a0 a3 00 00 00
stack at sp + 6 slots: 0x0 is null
stack at sp + 7 slots: 0x000001ddfdc29778 points into unknown readable memory: 0x000000a3a0afb560 | 60 b5 af a0 a3 00 00 00


---------------  P R O C E S S  ---------------

Threads class SMR info:
_java_thread_list=0x000001ddfd9c7350, length=14, elements={
0x000001dddf56e560, 0x000001ddfd7177c0, 0x000001ddfd718ae0, 0x000001ddfd720250,
0x000001ddfd720ca0, 0x000001ddfd729700, 0x000001ddfd72c160, 0x000001ddfd7303e0,
0x000001ddfd730e70, 0x000001ddfd9740d0, 0x000001ddfd979120, 0x000001ddfdb41260,
0x000001ddfdb5a9d0, 0x000001ddfdb5daf0
}

Java Threads: ( => current thread )
  0x000001dddf56e560 JavaThread "main"                              [_thread_in_native, id=7936, stack(0x000000a39f600000,0x000000a39f700000) (1024K)]
  0x000001ddfd7177c0 JavaThread "Reference Handler"          daemon [_thread_blocked, id=2884, stack(0x000000a39fe00000,0x000000a39ff00000) (1024K)]
  0x000001ddfd718ae0 JavaThread "Finalizer"                  daemon [_thread_blocked, id=8088, stack(0x000000a39ff00000,0x000000a3a0000000) (1024K)]
  0x000001ddfd720250 JavaThread "Signal Dispatcher"          daemon [_thread_blocked, id=5200, stack(0x000000a3a0000000,0x000000a3a0100000) (1024K)]
  0x000001ddfd720ca0 JavaThread "Attach Listener"            daemon [_thread_blocked, id=5344, stack(0x000000a3a0100000,0x000000a3a0200000) (1024K)]
  0x000001ddfd729700 JavaThread "Service Thread"             daemon [_thread_blocked, id=3880, stack(0x000000a3a0200000,0x000000a3a0300000) (1024K)]
  0x000001ddfd72c160 JavaThread "Monitor Deflation Thread"   daemon [_thread_blocked, id=3448, stack(0x000000a3a0300000,0x000000a3a0400000) (1024K)]
  0x000001ddfd7303e0 JavaThread "C2 CompilerThread0"         daemon [_thread_blocked, id=5984, stack(0x000000a3a0400000,0x000000a3a0500000) (1024K)]
  0x000001ddfd730e70 JavaThread "C1 CompilerThread0"         daemon [_thread_blocked, id=8056, stack(0x000000a3a0500000,0x000000a3a0600000) (1024K)]
  0x000001ddfd9740d0 JavaThread "Notification Thread"        daemon [_thread_blocked, id=7492, stack(0x000000a3a0600000,0x000000a3a0700000) (1024K)]
  0x000001ddfd979120 JavaThread "Common-Cleaner"             daemon [_thread_blocked, id=6652, stack(0x000000a3a0700000,0x000000a3a0800000) (1024K)]
  0x000001ddfdb41260 JavaThread "Java2D Disposer"            daemon [_thread_blocked, id=6668, stack(0x000000a3a0800000,0x000000a3a0900000) (1024K)]
  0x000001ddfdb5a9d0 JavaThread "AWT-Shutdown"                      [_thread_blocked, id=5000, stack(0x000000a3a0900000,0x000000a3a0a00000) (1024K)]
=>0x000001ddfdb5daf0 JavaThread "AWT-Windows"                daemon [_thread_in_native, id=7632, stack(0x000000a3a0a00000,0x000000a3a0b00000) (1024K)]
Total: 14

Other Threads:
  0x000001ddfd6f9a60 VMThread "VM Thread"                           [id=4192, stack(0x000000a39fd00000,0x000000a39fe00000) (1024K)]
  0x000001ddfd6e5a90 WatcherThread "VM Periodic Task Thread"        [id=3356, stack(0x000000a39fc00000,0x000000a39fd00000) (1024K)]
  0x000001dde1763d30 WorkerThread "GC Thread#0"                     [id=140, stack(0x000000a39f700000,0x000000a39f800000) (1024K)]
  0x000001dde1775410 ConcurrentGCThread "G1 Main Marker"            [id=616, stack(0x000000a39f800000,0x000000a39f900000) (1024K)]
  0x000001dde1776ad0 WorkerThread "G1 Conc#0"                       [id=7032, stack(0x000000a39f900000,0x000000a39fa00000) (1024K)]
  0x000001dde17de940 ConcurrentGCThread "G1 Refine#0"               [id=5828, stack(0x000000a39fa00000,0x000000a39fb00000) (1024K)]
  0x000001ddfd5aa4f0 ConcurrentGCThread "G1 Service"                [id=7568, stack(0x000000a39fb00000,0x000000a39fc00000) (1024K)]
Total: 7

Threads with active compile tasks:
Total: 0

VM state: not at safepoint (normal execution)

VM Mutex/Monitor currently owned by a thread: None

Heap address: 0x0000000081600000, size: 2026 MB, Compressed Oops mode: 32-bit

CDS archive(s) mapped at: [0x000001dd80000000-0x000001dd80c90000-0x000001dd80c90000), size 13172736, SharedBaseAddress: 0x000001dd80000000, ArchiveRelocationMode: 1.
Compressed class space mapped at: 0x000001dd81000000-0x000001ddc1000000, reserved size: 1073741824
Narrow klass base: 0x000001dd80000000, Narrow klass shift: 0, Narrow klass range: 0x100000000

GC Precious Log:
 CardTable entry size: 512
 Card Set container configuration: InlinePtr #cards 5 size 8 Array Of Cards #cards 12 size 40 Howl #buckets 4 coarsen threshold 1843 Howl Bitmap #cards 512 size 80 coarsen threshold 460 Card regions per heap region 1 cards per card region 2048
 CPUs: 4 total, 4 available
 Memory: 8098M
 Large Page Support: Disabled
 NUMA Support: Disabled
 Compressed Oops: Enabled (32-bit)
 Heap Region Size: 1M
 Heap Min Capacity: 8M
 Heap Initial Capacity: 128M
 Heap Max Capacity: 2026M
 Pre-touch: Disabled
 Parallel Workers: 4
 Concurrent Workers: 1
 Concurrent Refinement Workers: 4
 Periodic GC: Disabled

Heap:
 garbage-first heap   total 131072K, used 3072K [0x0000000081600000, 0x0000000100000000)
  region size 1024K, 4 young (4096K), 0 survivors (0K)
 Metaspace       used 2930K, committed 3072K, reserved 1114112K
  class space    used 285K, committed 384K, reserved 1048576K

Heap Regions: E=young(eden), S=young(survivor), O=old, HS=humongous(starts), HC=humongous(continues), CS=collection set, F=free, TAMS=top-at-mark-start, PB=parsable bottom
|   0|0x0000000081600000, 0x0000000081600000, 0x0000000081700000|  0%| F|  |TAMS 0x0000000081600000| PB 0x0000000081600000| Untracked 
|   1|0x0000000081700000, 0x0000000081700000, 0x0000000081800000|  0%| F|  |TAMS 0x0000000081700000| PB 0x0000000081700000| Untracked 
|   2|0x0000000081800000, 0x0000000081800000, 0x0000000081900000|  0%| F|  |TAMS 0x0000000081800000| PB 0x0000000081800000| Untracked 
|   3|0x0000000081900000, 0x0000000081900000, 0x0000000081a00000|  0%| F|  |TAMS 0x0000000081900000| PB 0x0000000081900000| Untracked 
|   4|0x0000000081a00000, 0x0000000081a00000, 0x0000000081b00000|  0%| F|  |TAMS 0x0000000081a00000| PB 0x0000000081a00000| Untracked 
|   5|0x0000000081b00000, 0x0000000081b00000, 0x0000000081c00000|  0%| F|  |TAMS 0x0000000081b00000| PB 0x0000000081b00000| Untracked 
|   6|0x0000000081c00000, 0x0000000081c00000, 0x0000000081d00000|  0%| F|  |TAMS 0x0000000081c00000| PB 0x0000000081c00000| Untracked 
|   7|0x0000000081d00000, 0x0000000081d00000, 0x0000000081e00000|  0%| F|  |TAMS 0x0000000081d00000| PB 0x0000000081d00000| Untracked 
|   8|0x0000000081e00000, 0x0000000081e00000, 0x0000000081f00000|  0%| F|  |TAMS 0x0000000081e00000| PB 0x0000000081e00000| Untracked 
|   9|0x0000000081f00000, 0x0000000081f00000, 0x0000000082000000|  0%| F|  |TAMS 0x0000000081f00000| PB 0x0000000081f00000| Untracked 
|  10|0x0000000082000000, 0x0000000082000000, 0x0000000082100000|  0%| F|  |TAMS 0x0000000082000000| PB 0x0000000082000000| Untracked 
|  11|0x0000000082100000, 0x0000000082100000, 0x0000000082200000|  0%| F|  |TAMS 0x0000000082100000| PB 0x0000000082100000| Untracked 
|  12|0x0000000082200000, 0x0000000082200000, 0x0000000082300000|  0%| F|  |TAMS 0x0000000082200000| PB 0x0000000082200000| Untracked 
|  13|0x0000000082300000, 0x0000000082300000, 0x0000000082400000|  0%| F|  |TAMS 0x0000000082300000| PB 0x0000000082300000| Untracked 
|  14|0x0000000082400000, 0x0000000082400000, 0x0000000082500000|  0%| F|  |TAMS 0x0000000082400000| PB 0x0000000082400000| Untracked 
|  15|0x0000000082500000, 0x0000000082500000, 0x0000000082600000|  0%| F|  |TAMS 0x0000000082500000| PB 0x0000000082500000| Untracked 
|  16|0x0000000082600000, 0x0000000082600000, 0x0000000082700000|  0%| F|  |TAMS 0x0000000082600000| PB 0x0000000082600000| Untracked 
|  17|0x0000000082700000, 0x0000000082700000, 0x0000000082800000|  0%| F|  |TAMS 0x0000000082700000| PB 0x0000000082700000| Untracked 
|  18|0x0000000082800000, 0x0000000082800000, 0x0000000082900000|  0%| F|  |TAMS 0x0000000082800000| PB 0x0000000082800000| Untracked 
|  19|0x0000000082900000, 0x0000000082900000, 0x0000000082a00000|  0%| F|  |TAMS 0x0000000082900000| PB 0x0000000082900000| Untracked 
|  20|0x0000000082a00000, 0x0000000082a00000, 0x0000000082b00000|  0%| F|  |TAMS 0x0000000082a00000| PB 0x0000000082a00000| Untracked 
|  21|0x0000000082b00000, 0x0000000082b00000, 0x0000000082c00000|  0%| F|  |TAMS 0x0000000082b00000| PB 0x0000000082b00000| Untracked 
|  22|0x0000000082c00000, 0x0000000082c00000, 0x0000000082d00000|  0%| F|  |TAMS 0x0000000082c00000| PB 0x0000000082c00000| Untracked 
|  23|0x0000000082d00000, 0x0000000082d00000, 0x0000000082e00000|  0%| F|  |TAMS 0x0000000082d00000| PB 0x0000000082d00000| Untracked 
|  24|0x0000000082e00000, 0x0000000082e00000, 0x0000000082f00000|  0%| F|  |TAMS 0x0000000082e00000| PB 0x0000000082e00000| Untracked 
|  25|0x0000000082f00000, 0x0000000082f00000, 0x0000000083000000|  0%| F|  |TAMS 0x0000000082f00000| PB 0x0000000082f00000| Untracked 
|  26|0x0000000083000000, 0x0000000083000000, 0x0000000083100000|  0%| F|  |TAMS 0x0000000083000000| PB 0x0000000083000000| Untracked 
|  27|0x0000000083100000, 0x0000000083100000, 0x0000000083200000|  0%| F|  |TAMS 0x0000000083100000| PB 0x0000000083100000| Untracked 
|  28|0x0000000083200000, 0x0000000083200000, 0x0000000083300000|  0%| F|  |TAMS 0x0000000083200000| PB 0x0000000083200000| Untracked 
|  29|0x0000000083300000, 0x0000000083300000, 0x0000000083400000|  0%| F|  |TAMS 0x0000000083300000| PB 0x0000000083300000| Untracked 
|  30|0x0000000083400000, 0x0000000083400000, 0x0000000083500000|  0%| F|  |TAMS 0x0000000083400000| PB 0x0000000083400000| Untracked 
|  31|0x0000000083500000, 0x0000000083500000, 0x0000000083600000|  0%| F|  |TAMS 0x0000000083500000| PB 0x0000000083500000| Untracked 
|  32|0x0000000083600000, 0x0000000083600000, 0x0000000083700000|  0%| F|  |TAMS 0x0000000083600000| PB 0x0000000083600000| Untracked 
|  33|0x0000000083700000, 0x0000000083700000, 0x0000000083800000|  0%| F|  |TAMS 0x0000000083700000| PB 0x0000000083700000| Untracked 
|  34|0x0000000083800000, 0x0000000083800000, 0x0000000083900000|  0%| F|  |TAMS 0x0000000083800000| PB 0x0000000083800000| Untracked 
|  35|0x0000000083900000, 0x0000000083900000, 0x0000000083a00000|  0%| F|  |TAMS 0x0000000083900000| PB 0x0000000083900000| Untracked 
|  36|0x0000000083a00000, 0x0000000083a00000, 0x0000000083b00000|  0%| F|  |TAMS 0x0000000083a00000| PB 0x0000000083a00000| Untracked 
|  37|0x0000000083b00000, 0x0000000083b00000, 0x0000000083c00000|  0%| F|  |TAMS 0x0000000083b00000| PB 0x0000000083b00000| Untracked 
|  38|0x0000000083c00000, 0x0000000083c00000, 0x0000000083d00000|  0%| F|  |TAMS 0x0000000083c00000| PB 0x0000000083c00000| Untracked 
|  39|0x0000000083d00000, 0x0000000083d00000, 0x0000000083e00000|  0%| F|  |TAMS 0x0000000083d00000| PB 0x0000000083d00000| Untracked 
|  40|0x0000000083e00000, 0x0000000083e00000, 0x0000000083f00000|  0%| F|  |TAMS 0x0000000083e00000| PB 0x0000000083e00000| Untracked 
|  41|0x0000000083f00000, 0x0000000083f00000, 0x0000000084000000|  0%| F|  |TAMS 0x0000000083f00000| PB 0x0000000083f00000| Untracked 
|  42|0x0000000084000000, 0x0000000084000000, 0x0000000084100000|  0%| F|  |TAMS 0x0000000084000000| PB 0x0000000084000000| Untracked 
|  43|0x0000000084100000, 0x0000000084100000, 0x0000000084200000|  0%| F|  |TAMS 0x0000000084100000| PB 0x0000000084100000| Untracked 
|  44|0x0000000084200000, 0x0000000084200000, 0x0000000084300000|  0%| F|  |TAMS 0x0000000084200000| PB 0x0000000084200000| Untracked 
|  45|0x0000000084300000, 0x0000000084300000, 0x0000000084400000|  0%| F|  |TAMS 0x0000000084300000| PB 0x0000000084300000| Untracked 
|  46|0x0000000084400000, 0x0000000084400000, 0x0000000084500000|  0%| F|  |TAMS 0x0000000084400000| PB 0x0000000084400000| Untracked 
|  47|0x0000000084500000, 0x0000000084500000, 0x0000000084600000|  0%| F|  |TAMS 0x0000000084500000| PB 0x0000000084500000| Untracked 
|  48|0x0000000084600000, 0x0000000084600000, 0x0000000084700000|  0%| F|  |TAMS 0x0000000084600000| PB 0x0000000084600000| Untracked 
|  49|0x0000000084700000, 0x0000000084700000, 0x0000000084800000|  0%| F|  |TAMS 0x0000000084700000| PB 0x0000000084700000| Untracked 
|  50|0x0000000084800000, 0x0000000084800000, 0x0000000084900000|  0%| F|  |TAMS 0x0000000084800000| PB 0x0000000084800000| Untracked 
|  51|0x0000000084900000, 0x0000000084900000, 0x0000000084a00000|  0%| F|  |TAMS 0x0000000084900000| PB 0x0000000084900000| Untracked 
|  52|0x0000000084a00000, 0x0000000084a00000, 0x0000000084b00000|  0%| F|  |TAMS 0x0000000084a00000| PB 0x0000000084a00000| Untracked 
|  53|0x0000000084b00000, 0x0000000084b00000, 0x0000000084c00000|  0%| F|  |TAMS 0x0000000084b00000| PB 0x0000000084b00000| Untracked 
|  54|0x0000000084c00000, 0x0000000084c00000, 0x0000000084d00000|  0%| F|  |TAMS 0x0000000084c00000| PB 0x0000000084c00000| Untracked 
|  55|0x0000000084d00000, 0x0000000084d00000, 0x0000000084e00000|  0%| F|  |TAMS 0x0000000084d00000| PB 0x0000000084d00000| Untracked 
|  56|0x0000000084e00000, 0x0000000084e00000, 0x0000000084f00000|  0%| F|  |TAMS 0x0000000084e00000| PB 0x0000000084e00000| Untracked 
|  57|0x0000000084f00000, 0x0000000084f00000, 0x0000000085000000|  0%| F|  |TAMS 0x0000000084f00000| PB 0x0000000084f00000| Untracked 
|  58|0x0000000085000000, 0x0000000085000000, 0x0000000085100000|  0%| F|  |TAMS 0x0000000085000000| PB 0x0000000085000000| Untracked 
|  59|0x0000000085100000, 0x0000000085100000, 0x0000000085200000|  0%| F|  |TAMS 0x0000000085100000| PB 0x0000000085100000| Untracked 
|  60|0x0000000085200000, 0x0000000085200000, 0x0000000085300000|  0%| F|  |TAMS 0x0000000085200000| PB 0x0000000085200000| Untracked 
|  61|0x0000000085300000, 0x0000000085300000, 0x0000000085400000|  0%| F|  |TAMS 0x0000000085300000| PB 0x0000000085300000| Untracked 
|  62|0x0000000085400000, 0x0000000085400000, 0x0000000085500000|  0%| F|  |TAMS 0x0000000085400000| PB 0x0000000085400000| Untracked 
|  63|0x0000000085500000, 0x0000000085500000, 0x0000000085600000|  0%| F|  |TAMS 0x0000000085500000| PB 0x0000000085500000| Untracked 
|  64|0x0000000085600000, 0x0000000085600000, 0x0000000085700000|  0%| F|  |TAMS 0x0000000085600000| PB 0x0000000085600000| Untracked 
|  65|0x0000000085700000, 0x0000000085700000, 0x0000000085800000|  0%| F|  |TAMS 0x0000000085700000| PB 0x0000000085700000| Untracked 
|  66|0x0000000085800000, 0x0000000085800000, 0x0000000085900000|  0%| F|  |TAMS 0x0000000085800000| PB 0x0000000085800000| Untracked 
|  67|0x0000000085900000, 0x0000000085900000, 0x0000000085a00000|  0%| F|  |TAMS 0x0000000085900000| PB 0x0000000085900000| Untracked 
|  68|0x0000000085a00000, 0x0000000085a00000, 0x0000000085b00000|  0%| F|  |TAMS 0x0000000085a00000| PB 0x0000000085a00000| Untracked 
|  69|0x0000000085b00000, 0x0000000085b00000, 0x0000000085c00000|  0%| F|  |TAMS 0x0000000085b00000| PB 0x0000000085b00000| Untracked 
|  70|0x0000000085c00000, 0x0000000085c00000, 0x0000000085d00000|  0%| F|  |TAMS 0x0000000085c00000| PB 0x0000000085c00000| Untracked 
|  71|0x0000000085d00000, 0x0000000085d00000, 0x0000000085e00000|  0%| F|  |TAMS 0x0000000085d00000| PB 0x0000000085d00000| Untracked 
|  72|0x0000000085e00000, 0x0000000085e00000, 0x0000000085f00000|  0%| F|  |TAMS 0x0000000085e00000| PB 0x0000000085e00000| Untracked 
|  73|0x0000000085f00000, 0x0000000085f00000, 0x0000000086000000|  0%| F|  |TAMS 0x0000000085f00000| PB 0x0000000085f00000| Untracked 
|  74|0x0000000086000000, 0x0000000086000000, 0x0000000086100000|  0%| F|  |TAMS 0x0000000086000000| PB 0x0000000086000000| Untracked 
|  75|0x0000000086100000, 0x0000000086100000, 0x0000000086200000|  0%| F|  |TAMS 0x0000000086100000| PB 0x0000000086100000| Untracked 
|  76|0x0000000086200000, 0x0000000086200000, 0x0000000086300000|  0%| F|  |TAMS 0x0000000086200000| PB 0x0000000086200000| Untracked 
|  77|0x0000000086300000, 0x0000000086300000, 0x0000000086400000|  0%| F|  |TAMS 0x0000000086300000| PB 0x0000000086300000| Untracked 
|  78|0x0000000086400000, 0x0000000086400000, 0x0000000086500000|  0%| F|  |TAMS 0x0000000086400000| PB 0x0000000086400000| Untracked 
|  79|0x0000000086500000, 0x0000000086500000, 0x0000000086600000|  0%| F|  |TAMS 0x0000000086500000| PB 0x0000000086500000| Untracked 
|  80|0x0000000086600000, 0x0000000086600000, 0x0000000086700000|  0%| F|  |TAMS 0x0000000086600000| PB 0x0000000086600000| Untracked 
|  81|0x0000000086700000, 0x0000000086700000, 0x0000000086800000|  0%| F|  |TAMS 0x0000000086700000| PB 0x0000000086700000| Untracked 
|  82|0x0000000086800000, 0x0000000086800000, 0x0000000086900000|  0%| F|  |TAMS 0x0000000086800000| PB 0x0000000086800000| Untracked 
|  83|0x0000000086900000, 0x0000000086900000, 0x0000000086a00000|  0%| F|  |TAMS 0x0000000086900000| PB 0x0000000086900000| Untracked 
|  84|0x0000000086a00000, 0x0000000086a00000, 0x0000000086b00000|  0%| F|  |TAMS 0x0000000086a00000| PB 0x0000000086a00000| Untracked 
|  85|0x0000000086b00000, 0x0000000086b00000, 0x0000000086c00000|  0%| F|  |TAMS 0x0000000086b00000| PB 0x0000000086b00000| Untracked 
|  86|0x0000000086c00000, 0x0000000086c00000, 0x0000000086d00000|  0%| F|  |TAMS 0x0000000086c00000| PB 0x0000000086c00000| Untracked 
|  87|0x0000000086d00000, 0x0000000086d00000, 0x0000000086e00000|  0%| F|  |TAMS 0x0000000086d00000| PB 0x0000000086d00000| Untracked 
|  88|0x0000000086e00000, 0x0000000086e00000, 0x0000000086f00000|  0%| F|  |TAMS 0x0000000086e00000| PB 0x0000000086e00000| Untracked 
|  89|0x0000000086f00000, 0x0000000086f00000, 0x0000000087000000|  0%| F|  |TAMS 0x0000000086f00000| PB 0x0000000086f00000| Untracked 
|  90|0x0000000087000000, 0x0000000087000000, 0x0000000087100000|  0%| F|  |TAMS 0x0000000087000000| PB 0x0000000087000000| Untracked 
|  91|0x0000000087100000, 0x0000000087100000, 0x0000000087200000|  0%| F|  |TAMS 0x0000000087100000| PB 0x0000000087100000| Untracked 
|  92|0x0000000087200000, 0x0000000087200000, 0x0000000087300000|  0%| F|  |TAMS 0x0000000087200000| PB 0x0000000087200000| Untracked 
|  93|0x0000000087300000, 0x0000000087300000, 0x0000000087400000|  0%| F|  |TAMS 0x0000000087300000| PB 0x0000000087300000| Untracked 
|  94|0x0000000087400000, 0x0000000087400000, 0x0000000087500000|  0%| F|  |TAMS 0x0000000087400000| PB 0x0000000087400000| Untracked 
|  95|0x0000000087500000, 0x0000000087500000, 0x0000000087600000|  0%| F|  |TAMS 0x0000000087500000| PB 0x0000000087500000| Untracked 
|  96|0x0000000087600000, 0x0000000087600000, 0x0000000087700000|  0%| F|  |TAMS 0x0000000087600000| PB 0x0000000087600000| Untracked 
|  97|0x0000000087700000, 0x0000000087700000, 0x0000000087800000|  0%| F|  |TAMS 0x0000000087700000| PB 0x0000000087700000| Untracked 
|  98|0x0000000087800000, 0x0000000087800000, 0x0000000087900000|  0%| F|  |TAMS 0x0000000087800000| PB 0x0000000087800000| Untracked 
|  99|0x0000000087900000, 0x0000000087900000, 0x0000000087a00000|  0%| F|  |TAMS 0x0000000087900000| PB 0x0000000087900000| Untracked 
| 100|0x0000000087a00000, 0x0000000087a00000, 0x0000000087b00000|  0%| F|  |TAMS 0x0000000087a00000| PB 0x0000000087a00000| Untracked 
| 101|0x0000000087b00000, 0x0000000087b00000, 0x0000000087c00000|  0%| F|  |TAMS 0x0000000087b00000| PB 0x0000000087b00000| Untracked 
| 102|0x0000000087c00000, 0x0000000087c00000, 0x0000000087d00000|  0%| F|  |TAMS 0x0000000087c00000| PB 0x0000000087c00000| Untracked 
| 103|0x0000000087d00000, 0x0000000087d00000, 0x0000000087e00000|  0%| F|  |TAMS 0x0000000087d00000| PB 0x0000000087d00000| Untracked 
| 104|0x0000000087e00000, 0x0000000087e00000, 0x0000000087f00000|  0%| F|  |TAMS 0x0000000087e00000| PB 0x0000000087e00000| Untracked 
| 105|0x0000000087f00000, 0x0000000087f00000, 0x0000000088000000|  0%| F|  |TAMS 0x0000000087f00000| PB 0x0000000087f00000| Untracked 
| 106|0x0000000088000000, 0x0000000088000000, 0x0000000088100000|  0%| F|  |TAMS 0x0000000088000000| PB 0x0000000088000000| Untracked 
| 107|0x0000000088100000, 0x0000000088100000, 0x0000000088200000|  0%| F|  |TAMS 0x0000000088100000| PB 0x0000000088100000| Untracked 
| 108|0x0000000088200000, 0x0000000088200000, 0x0000000088300000|  0%| F|  |TAMS 0x0000000088200000| PB 0x0000000088200000| Untracked 
| 109|0x0000000088300000, 0x0000000088300000, 0x0000000088400000|  0%| F|  |TAMS 0x0000000088300000| PB 0x0000000088300000| Untracked 
| 110|0x0000000088400000, 0x0000000088400000, 0x0000000088500000|  0%| F|  |TAMS 0x0000000088400000| PB 0x0000000088400000| Untracked 
| 111|0x0000000088500000, 0x0000000088500000, 0x0000000088600000|  0%| F|  |TAMS 0x0000000088500000| PB 0x0000000088500000| Untracked 
| 112|0x0000000088600000, 0x0000000088600000, 0x0000000088700000|  0%| F|  |TAMS 0x0000000088600000| PB 0x0000000088600000| Untracked 
| 113|0x0000000088700000, 0x0000000088700000, 0x0000000088800000|  0%| F|  |TAMS 0x0000000088700000| PB 0x0000000088700000| Untracked 
| 114|0x0000000088800000, 0x0000000088800000, 0x0000000088900000|  0%| F|  |TAMS 0x0000000088800000| PB 0x0000000088800000| Untracked 
| 115|0x0000000088900000, 0x0000000088900000, 0x0000000088a00000|  0%| F|  |TAMS 0x0000000088900000| PB 0x0000000088900000| Untracked 
| 116|0x0000000088a00000, 0x0000000088a00000, 0x0000000088b00000|  0%| F|  |TAMS 0x0000000088a00000| PB 0x0000000088a00000| Untracked 
| 117|0x0000000088b00000, 0x0000000088b00000, 0x0000000088c00000|  0%| F|  |TAMS 0x0000000088b00000| PB 0x0000000088b00000| Untracked 
| 118|0x0000000088c00000, 0x0000000088c00000, 0x0000000088d00000|  0%| F|  |TAMS 0x0000000088c00000| PB 0x0000000088c00000| Untracked 
| 119|0x0000000088d00000, 0x0000000088d00000, 0x0000000088e00000|  0%| F|  |TAMS 0x0000000088d00000| PB 0x0000000088d00000| Untracked 
| 120|0x0000000088e00000, 0x0000000088e00000, 0x0000000088f00000|  0%| F|  |TAMS 0x0000000088e00000| PB 0x0000000088e00000| Untracked 
| 121|0x0000000088f00000, 0x0000000088f00000, 0x0000000089000000|  0%| F|  |TAMS 0x0000000088f00000| PB 0x0000000088f00000| Untracked 
| 122|0x0000000089000000, 0x0000000089000000, 0x0000000089100000|  0%| F|  |TAMS 0x0000000089000000| PB 0x0000000089000000| Untracked 
| 123|0x0000000089100000, 0x0000000089100000, 0x0000000089200000|  0%| F|  |TAMS 0x0000000089100000| PB 0x0000000089100000| Untracked 
| 124|0x0000000089200000, 0x00000000892c8320, 0x0000000089300000| 78%| E|  |TAMS 0x0000000089200000| PB 0x0000000089200000| Complete 
| 125|0x0000000089300000, 0x0000000089400000, 0x0000000089400000|100%| E|CS|TAMS 0x0000000089300000| PB 0x0000000089300000| Complete 
| 126|0x0000000089400000, 0x0000000089500000, 0x0000000089500000|100%| E|CS|TAMS 0x0000000089400000| PB 0x0000000089400000| Complete 
| 127|0x0000000089500000, 0x0000000089600000, 0x0000000089600000|100%| E|CS|TAMS 0x0000000089500000| PB 0x0000000089500000| Complete 

Card table byte_map: [0x000001ddf8fa0000,0x000001ddf93a0000] _byte_map_base: 0x000001ddf8b95000

Marking Bits: (CMBitMap*) 0x000001dde1764430
 Bits: [0x000001ddf93a0000, 0x000001ddfb348000)

Polling page: 0x000001dddf4c0000

Metaspace:

Usage:
  Non-class:      2.58 MB used.
      Class:    285.82 KB used.
       Both:      2.86 MB used.

Virtual space:
  Non-class space:       64.00 MB reserved,       2.63 MB (  4%) committed,  1 nodes.
      Class space:        1.00 GB reserved,     384.00 KB ( <1%) committed,  1 nodes.
             Both:        1.06 GB reserved,       3.00 MB ( <1%) committed. 

Chunk freelists:
   Non-Class:  11.88 MB
       Class:  15.57 MB
        Both:  27.45 MB

MaxMetaspaceSize: unlimited
CompressedClassSpaceSize: 1.00 GB
Initial GC threshold: 21.00 MB
Current GC threshold: 21.00 MB
CDS: on
 - commit_granule_bytes: 65536.
 - commit_granule_words: 8192.
 - virtual_space_node_default_size: 8388608.
 - enlarge_chunks_in_place: 1.
 - use_allocation_guard: 0.


Internal statistics:

num_allocs_failed_limit: 0.
num_arena_births: 92.
num_arena_deaths: 0.
num_vsnodes_births: 2.
num_vsnodes_deaths: 0.
num_space_committed: 48.
num_space_uncommitted: 0.
num_chunks_returned_to_freelist: 0.
num_chunks_taken_from_freelist: 114.
num_chunk_merges: 0.
num_chunk_splits: 70.
num_chunks_enlarged: 27.
num_inconsistent_stats: 0.

CodeHeap 'non-profiled nmethods': size=120000Kb used=122Kb max_used=122Kb free=119877Kb
 bounds [0x000001ddf1670000, 0x000001ddf18e0000, 0x000001ddf8ba0000]
CodeHeap 'profiled nmethods': size=120000Kb used=460Kb max_used=460Kb free=119539Kb
 bounds [0x000001dde9ba0000, 0x000001dde9e10000, 0x000001ddf10d0000]
CodeHeap 'non-nmethods': size=5760Kb used=1384Kb max_used=1398Kb free=4375Kb
 bounds [0x000001ddf10d0000, 0x000001ddf1340000, 0x000001ddf1670000]
 total_blobs=834 nmethods=351 adapters=388
 compilation: enabled
              stopped_count=0, restarted_count=0
 full_count=0

Compilation events (20 events):
Event: 0.140 Thread 0x000001ddfd730e70  341       3       java.lang.invoke.MethodType::genericMethodType (95 bytes)
Event: 0.140 Thread 0x000001ddfd730e70 nmethod 341 0x000001dde9c0dd10 code [0x000001dde9c0dfc0, 0x000001dde9c0ec90]
Event: 0.143 Thread 0x000001ddfd730e70  342       3       java.lang.reflect.Modifier::isProtected (12 bytes)
Event: 0.143 Thread 0x000001ddfd730e70 nmethod 342 0x000001dde9c0f090 code [0x000001dde9c0f220, 0x000001dde9c0f368]
Event: 0.143 Thread 0x000001ddfd730e70  343       3       java.lang.invoke.MethodHandle::<init> (37 bytes)
Event: 0.143 Thread 0x000001ddfd7303e0  345       4       java.util.concurrent.ConcurrentHashMap::casTabAt (21 bytes)
Event: 0.143 Thread 0x000001ddfd730e70 nmethod 343 0x000001dde9c0f410 code [0x000001dde9c0f620, 0x000001dde9c0fba0]
Event: 0.143 Thread 0x000001ddfd730e70  346       3       sun.invoke.util.VerifyAccess::isSamePackage (37 bytes)
Event: 0.143 Thread 0x000001ddfd730e70 nmethod 346 0x000001dde9c0fe10 code [0x000001dde9c10020, 0x000001dde9c105b0]
Event: 0.143 Thread 0x000001ddfd730e70  347       3       java.util.concurrent.ConcurrentHashMap$BaseIterator::hasNext (13 bytes)
Event: 0.143 Thread 0x000001ddfd730e70 nmethod 347 0x000001dde9c10790 code [0x000001dde9c10920, 0x000001dde9c10a88]
Event: 0.143 Thread 0x000001ddfd730e70  344       3       java.lang.invoke.LambdaForm::prepare (108 bytes)
Event: 0.144 Thread 0x000001ddfd730e70 nmethod 344 0x000001dde9c10b10 code [0x000001dde9c10d60, 0x000001dde9c11550]
Event: 0.144 Thread 0x000001ddfd730e70  348       3       java.lang.invoke.MethodTypeForm::canonicalize (59 bytes)
Event: 0.144 Thread 0x000001ddfd7303e0 nmethod 345 0x000001ddf168e490 code [0x000001ddf168e620, 0x000001ddf168e790]
Event: 0.144 Thread 0x000001ddfd7303e0  351       4       java.lang.invoke.MethodType::parameterType (7 bytes)
Event: 0.144 Thread 0x000001ddfd730e70 nmethod 348 0x000001dde9c11810 code [0x000001dde9c11a00, 0x000001dde9c11d10]
Event: 0.144 Thread 0x000001ddfd730e70  349       3       java.lang.invoke.MethodType$ConcurrentWeakInternSet::add (66 bytes)
Event: 0.145 Thread 0x000001ddfd7303e0 nmethod 351 0x000001ddf168e810 code [0x000001ddf168e9a0, 0x000001ddf168ea70]
Event: 0.145 Thread 0x000001ddfd730e70 nmethod 349 0x000001dde9c11e10 code [0x000001dde9c12080, 0x000001dde9c12cb8]

GC Heap History (0 events):
No events

Dll operation events (7 events):
Event: 0.004 Loaded shared library C:\Program Files\Java\jdk-21\bin\java.dll
Event: 0.027 Loaded shared library C:\Program Files\Java\jdk-21\bin\jsvml.dll
Event: 0.051 Loaded shared library C:\Program Files\Java\jdk-21\bin\jimage.dll
Event: 0.068 Loaded shared library C:\Program Files\Java\jdk-21\bin\net.dll
Event: 0.069 Loaded shared library C:\Program Files\Java\jdk-21\bin\nio.dll
Event: 0.073 Loaded shared library C:\Program Files\Java\jdk-21\bin\zip.dll
Event: 0.085 Loaded shared library C:\Program Files\Java\jdk-21\bin\awt.dll

Deoptimization events (0 events):
No events

Classes loaded (20 events):
Event: 0.137 Loading class sun/awt/util/ThreadGroupUtils
Event: 0.137 Loading class sun/awt/util/ThreadGroupUtils done
Event: 0.137 Loading class java/util/concurrent/ConcurrentLinkedDeque
Event: 0.137 Loading class java/util/concurrent/ConcurrentLinkedDeque done
Event: 0.137 Loading class java/util/concurrent/ConcurrentLinkedDeque$Node
Event: 0.137 Loading class java/util/concurrent/ConcurrentLinkedDeque$Node done
Event: 0.137 Loading class sun/awt/AWTAutoShutdown
Event: 0.137 Loading class sun/awt/AWTAutoShutdown done
Event: 0.163 Loading class sun/java2d/d3d/D3DRenderQueue
Event: 0.163 Loading class sun/java2d/pipe/RenderQueue
Event: 0.163 Loading class sun/java2d/pipe/RenderQueue done
Event: 0.163 Loading class sun/java2d/d3d/D3DRenderQueue done
Event: 0.163 Loading class sun/java2d/pipe/RenderBuffer
Event: 0.163 Loading class sun/java2d/pipe/RenderBuffer done
Event: 0.163 Loading class sun/java2d/d3d/D3DRenderQueue$1
Event: 0.163 Loading class sun/java2d/d3d/D3DRenderQueue$1 done
Event: 0.164 Loading class sun/java2d/d3d/D3DGraphicsDevice$1Result
Event: 0.164 Loading class sun/java2d/d3d/D3DGraphicsDevice$1Result done
Event: 0.164 Loading class sun/java2d/d3d/D3DGraphicsDevice$1
Event: 0.164 Loading class sun/java2d/d3d/D3DGraphicsDevice$1 done

Classes unloaded (0 events):
No events

Classes redefined (0 events):
No events

Internal exceptions (3 events):
Event: 0.078 Thread 0x000001dddf56e560 Exception <a 'java/lang/ClassNotFoundException'{0x00000000894fc828}: sun/awt/resources/spi/awtProvider> (0x00000000894fc828) 
thrown [s\open\src\hotspot\share\classfile\systemDictionary.cpp, line 312]
Event: 0.094 Thread 0x000001dddf56e560 Exception <a 'java/io/FileNotFoundException'{0x0000000089368fb0}> (0x0000000089368fb0) 
thrown [s\open\src\hotspot\share\prims\jni.cpp, line 520]
Event: 0.101 Thread 0x000001dddf56e560 Exception <a 'java/io/FileNotFoundException'{0x0000000089393028}> (0x0000000089393028) 
thrown [s\open\src\hotspot\share\prims\jni.cpp, line 520]

ZGC Phase Switch (0 events):
No events

VM Operations (0 events):
No events

Events (14 events):
Event: 0.016 Thread 0x000001dddf56e560 Thread added: 0x000001dddf56e560
Event: 0.025 Thread 0x000001ddfd7177c0 Thread added: 0x000001ddfd7177c0
Event: 0.025 Thread 0x000001ddfd718ae0 Thread added: 0x000001ddfd718ae0
Event: 0.025 Thread 0x000001ddfd720250 Thread added: 0x000001ddfd720250
Event: 0.025 Thread 0x000001ddfd720ca0 Thread added: 0x000001ddfd720ca0
Event: 0.025 Thread 0x000001ddfd729700 Thread added: 0x000001ddfd729700
Event: 0.025 Thread 0x000001ddfd72c160 Thread added: 0x000001ddfd72c160
Event: 0.025 Thread 0x000001ddfd7303e0 Thread added: 0x000001ddfd7303e0
Event: 0.025 Thread 0x000001ddfd730e70 Thread added: 0x000001ddfd730e70
Event: 0.043 Thread 0x000001ddfd9740d0 Thread added: 0x000001ddfd9740d0
Event: 0.045 Thread 0x000001ddfd979120 Thread added: 0x000001ddfd979120
Event: 0.137 Thread 0x000001ddfdb41260 Thread added: 0x000001ddfdb41260
Event: 0.138 Thread 0x000001ddfdb5a9d0 Thread added: 0x000001ddfdb5a9d0
Event: 0.139 Thread 0x000001ddfdb5daf0 Thread added: 0x000001ddfdb5daf0


Dynamic libraries:
0x00007ff726c60000 - 0x00007ff726c70000 	C:\Program Files\Java\jdk-21\bin\java.exe
0x00007ffe6f640000 - 0x00007ffe6f82e000 	C:\Windows\SYSTEM32\ntdll.dll
0x00007ffe6ccd0000 - 0x00007ffe6cd83000 	C:\Windows\System32\KERNEL32.DLL
0x00007ffe6bc90000 - 0x00007ffe6bf2a000 	C:\Windows\System32\KERNELBASE.dll
0x00007ffe6bfd0000 - 0x00007ffe6c0ca000 	C:\Windows\System32\ucrtbase.dll
0x00007ffe5e210000 - 0x00007ffe5e229000 	C:\Program Files\Java\jdk-21\bin\jli.dll
0x00007ffe55be0000 - 0x00007ffe55bfb000 	C:\Program Files\Java\jdk-21\bin\VCRUNTIME140.dll
0x00007ffe6d2b0000 - 0x00007ffe6d357000 	C:\Windows\System32\ADVAPI32.dll
0x00007ffe6d360000 - 0x00007ffe6d3fe000 	C:\Windows\System32\msvcrt.dll
0x00007ffe6c8f0000 - 0x00007ffe6c98f000 	C:\Windows\System32\sechost.dll
0x00007ffe6cda0000 - 0x00007ffe6cebd000 	C:\Windows\System32\RPCRT4.dll
0x00007ffe6ca80000 - 0x00007ffe6cc17000 	C:\Windows\System32\USER32.dll
0x00007ffe5b2d0000 - 0x00007ffe5b549000 	C:\Windows\WinSxS\amd64_microsoft.windows.common-controls_6595b64144ccf1df_6.0.17763.3406_none_de6d5d06534ed2cb\COMCTL32.dll
0x00007ffe6b6d0000 - 0x00007ffe6b6f0000 	C:\Windows\System32\win32u.dll
0x00007ffe6d8e0000 - 0x00007ffe6d909000 	C:\Windows\System32\GDI32.dll
0x00007ffe6d5b0000 - 0x00007ffe6d8db000 	C:\Windows\System32\combase.dll
0x00007ffe6b6f0000 - 0x00007ffe6b88d000 	C:\Windows\System32\gdi32full.dll
0x00007ffe6b890000 - 0x00007ffe6b912000 	C:\Windows\System32\bcryptPrimitives.dll
0x00007ffe6bf30000 - 0x00007ffe6bfd0000 	C:\Windows\System32\msvcp_win.dll
0x00007ffe66be0000 - 0x00007ffe66bea000 	C:\Windows\SYSTEM32\VERSION.dll
0x00007ffe6cff0000 - 0x00007ffe6d01e000 	C:\Windows\System32\IMM32.DLL
0x00007ffe5fc80000 - 0x00007ffe5fc8c000 	C:\Program Files\Java\jdk-21\bin\vcruntime140_1.dll
0x00007ffe29090000 - 0x00007ffe2911e000 	C:\Program Files\Java\jdk-21\bin\msvcp140.dll
0x00007ffe260d0000 - 0x00007ffe26dea000 	C:\Program Files\Java\jdk-21\bin\server\jvm.dll
0x00007ffe6b670000 - 0x00007ffe6b6cd000 	C:\Windows\System32\POWRPROF.dll
0x00007ffe6d020000 - 0x00007ffe6d08d000 	C:\Windows\System32\WS2_32.dll
0x00007ffe69630000 - 0x00007ffe69654000 	C:\Windows\SYSTEM32\WINMM.dll
0x00007ffe69600000 - 0x00007ffe6962d000 	C:\Windows\SYSTEM32\winmmbase.dll
0x00007ffe6b920000 - 0x00007ffe6b96a000 	C:\Windows\System32\cfgmgr32.dll
0x00007ffe6b600000 - 0x00007ffe6b611000 	C:\Windows\System32\kernel.appcore.dll
0x00007ffe5fbe0000 - 0x00007ffe5fbea000 	C:\Program Files\Java\jdk-21\bin\jimage.dll
0x00007ffe5b570000 - 0x00007ffe5b75d000 	C:\Windows\SYSTEM32\DBGHELP.DLL
0x00007ffe4f740000 - 0x00007ffe4f76a000 	C:\Windows\SYSTEM32\dbgcore.DLL
0x00007ffe51620000 - 0x00007ffe5163f000 	C:\Program Files\Java\jdk-21\bin\java.dll
0x00007ffe6d940000 - 0x00007ffe6ee36000 	C:\Windows\System32\SHELL32.dll
0x00007ffe6cc20000 - 0x00007ffe6ccc7000 	C:\Windows\System32\shcore.dll
0x00007ffe6c0d0000 - 0x00007ffe6c817000 	C:\Windows\System32\windows.storage.dll
0x00007ffe6b620000 - 0x00007ffe6b643000 	C:\Windows\System32\profapi.dll
0x00007ffe6f5b0000 - 0x00007ffe6f602000 	C:\Windows\System32\shlwapi.dll
0x00007ffe6c820000 - 0x00007ffe6c837000 	C:\Windows\System32\cryptsp.dll
0x00007ffe28840000 - 0x00007ffe28917000 	C:\Program Files\Java\jdk-21\bin\jsvml.dll
0x00007ffe5ba80000 - 0x00007ffe5ba90000 	C:\Program Files\Java\jdk-21\bin\net.dll
0x00007ffe5fae0000 - 0x00007ffe5fbd1000 	C:\Windows\SYSTEM32\WINHTTP.dll
0x00007ffe6adf0000 - 0x00007ffe6ae57000 	C:\Windows\system32\mswsock.dll
0x00007ffe51420000 - 0x00007ffe51436000 	C:\Program Files\Java\jdk-21\bin\nio.dll
0x00007ffe50fd0000 - 0x00007ffe50fe8000 	C:\Program Files\Java\jdk-21\bin\zip.dll
0x00007ffe25f40000 - 0x00007ffe260cf000 	C:\Program Files\Java\jdk-21\bin\awt.dll
0x00007ffe6f000000 - 0x00007ffe6f0c4000 	C:\Windows\System32\OLEAUT32.dll
0x00007ffe69850000 - 0x00007ffe698dc000 	C:\Windows\SYSTEM32\apphelp.dll
0x00007ffe69c70000 - 0x00007ffe69c9e000 	C:\Windows\system32\DWMAPI.DLL
0x00007ffe6ba90000 - 0x00007ffe6bc85000 	C:\Windows\System32\CRYPT32.dll
0x00007ffe6b650000 - 0x00007ffe6b662000 	C:\Windows\System32\MSASN1.dll
0x00007ffe699f0000 - 0x00007ffe69a8c000 	C:\Windows\system32\uxtheme.dll
0x00007ffe4e8f0000 - 0x00007ffe4ea17000 	C:\Windows\system32\opengl32.dll
0x00007ffe4e830000 - 0x00007ffe4e85c000 	C:\Windows\SYSTEM32\GLU32.dll
0x00007ffe6d090000 - 0x00007ffe6d1fb000 	C:\Windows\System32\MSCTF.dll
0x00007ffe6eea0000 - 0x00007ffe6eff6000 	C:\Windows\System32\ole32.dll
0x00007ffe5de70000 - 0x00007ffe5e00d000 	C:\Windows\system32\d3d9.dll
0x00007ffe66bf0000 - 0x00007ffe66cf6000 	C:\Windows\System32\DriverStore\FileRepository\nvle.inf_amd64_af4bda1210b04462\nvldumdx.dll
0x00007ffe66a60000 - 0x00007ffe66a8f000 	C:\Windows\SYSTEM32\cryptnet.dll
0x00007ffe66920000 - 0x00007ffe66a55000 	C:\Windows\SYSTEM32\drvstore.dll
0x00007ffe6b3a0000 - 0x00007ffe6b3c9000 	C:\Windows\SYSTEM32\devobj.dll
0x00007ffe6b050000 - 0x00007ffe6b079000 	C:\Windows\SYSTEM32\wldp.dll
0x00007ffe6b970000 - 0x00007ffe6b9d1000 	C:\Windows\System32\WINTRUST.dll
0x00007ffe6afc0000 - 0x00007ffe6afcc000 	C:\Windows\SYSTEM32\cryptbase.dll
0x00007ffe6d920000 - 0x00007ffe6d93d000 	C:\Windows\System32\imagehlp.dll
0x00007ffe6a970000 - 0x00007ffe6a9a3000 	C:\Windows\system32\rsaenh.dll
0x00007ffe6c840000 - 0x00007ffe6c866000 	C:\Windows\System32\bcrypt.dll
0x00007ffe184c0000 - 0x00007ffe19d70000 	C:\Windows\System32\DriverStore\FileRepository\nvle.inf_amd64_af4bda1210b04462\nvd3dumx.dll

dbghelp: loaded successfully - version: 4.0.5 - missing functions: none
symbol engine: initialized successfully - sym options: 0x614 - pdb path: .;C:\Program Files\Java\jdk-21\bin;C:\Windows\SYSTEM32;C:\Windows\WinSxS\amd64_microsoft.windows.common-controls_6595b64144ccf1df_6.0.17763.3406_none_de6d5d06534ed2cb;C:\Program Files\Java\jdk-21\bin\server;C:\Windows\System32\DriverStore\FileRepository\nvle.inf_amd64_af4bda1210b04462

VM Arguments:
java_command: com.pbo.responsi.Responsi
java_class_path (initial): C:\Users\Lab Informatika\Downloads\responsi\responsi\target\classes;C:\Users\Lab Informatika\.m2\repository\com\mysql\mysql-connector-j\8.3.0\mysql-connector-j-8.3.0.jar;C:\Users\Lab Informatika\.m2\repository\com\google\protobuf\protobuf-java\3.25.1\protobuf-java-3.25.1.jar
Launcher Type: SUN_STANDARD

[Global flags]
     intx CICompilerCount                          = 3                                         {product} {ergonomic}
     uint ConcGCThreads                            = 1                                         {product} {ergonomic}
     uint G1ConcRefinementThreads                  = 4                                         {product} {ergonomic}
   size_t G1HeapRegionSize                         = 1048576                                   {product} {ergonomic}
    uintx GCDrainStackTargetSize                   = 64                                        {product} {ergonomic}
   size_t InitialHeapSize                          = 134217728                                 {product} {ergonomic}
   size_t MarkStackSize                            = 4194304                                   {product} {ergonomic}
   size_t MaxHeapSize                              = 2124414976                                {product} {ergonomic}
   size_t MaxNewSize                               = 1274019840                                {product} {ergonomic}
   size_t MinHeapDeltaBytes                        = 1048576                                   {product} {ergonomic}
   size_t MinHeapSize                              = 8388608                                   {product} {ergonomic}
    uintx NonNMethodCodeHeapSize                   = 5832780                                {pd product} {ergonomic}
    uintx NonProfiledCodeHeapSize                  = 122912730                              {pd product} {ergonomic}
    uintx ProfiledCodeHeapSize                     = 122912730                              {pd product} {ergonomic}
    uintx ReservedCodeCacheSize                    = 251658240                              {pd product} {ergonomic}
     bool SegmentedCodeCache                       = true                                      {product} {ergonomic}
   size_t SoftMaxHeapSize                          = 2124414976                             {manageable} {ergonomic}
     bool UseCompressedOops                        = true                           {product lp64_product} {ergonomic}
     bool UseG1GC                                  = true                                      {product} {ergonomic}
     bool UseLargePagesIndividualAllocation        = false                                  {pd product} {ergonomic}

Logging:
Log output configuration:
 #0: stdout all=warning uptime,level,tags foldmultilines=false
 #1: stderr all=off uptime,level,tags foldmultilines=false

Environment Variables:
JAVA_HOME=C:\Program Files\Java\jdk-21
PATH=C:\Program Files\Common Files\Oracle\Java\javapath;C:\oraclexe\app\oracle\product\11.2.0\server\bin;C:\Program Files (x86)\Python37-32\Scripts\;C:\Program Files (x86)\Python37-32\;C:\Windows\system32;C:\Windows;C:\Windows\System32\Wbem;C:\Windows\System32\WindowsPowerShell\v1.0\;C:\Windows\System32\OpenSSH\;C:\TDM-GCC-64\bin;C:\Program Files\Polyspace\R2019a\runtime\win64;C:\Program Files\Polyspace\R2019a\bin;C:\Program Files\Java\jdk-12.0.2\bin;C:\xampp\php;C:\src\flutter\bin;C:\AndroidSDK\platform-tools;C:\Program Files\Polyspace\R2019a\polyspace\bin;C:\Program Files\nodejs\;C:\Program Files\Git\cmd;C:\Program Files\dotnet\;C:\Users\Lab Informatika\AppData\Local\Microsoft\WindowsApps;C:\Users\Lab Informatika\AppData\Roaming\npm;C:\Users\Lab Informatika\AppData\Local\Programs\Microsoft VS Code\bin;C:\Users\Lab Informatika\AppData\Local\GitHubDesktop\bin
USERNAME=Lab Informatika
OS=Windows_NT
PROCESSOR_IDENTIFIER=Intel64 Family 6 Model 158 Stepping 9, GenuineIntel
TMP=C:\Users\LABINF~1\AppData\Local\Temp
TEMP=C:\Users\LABINF~1\AppData\Local\Temp




Periodic native trim disabled

---------------  S Y S T E M  ---------------

OS:
 Windows 10 , 64 bit Build 17763 (10.0.17763.3287)
OS uptime: 0 days 0:41 hours

CPU: total 4 (initial active 4) (2 cores per cpu, 2 threads per core) family 6 model 158 stepping 9 microcode 0xde, cx8, cmov, fxsr, ht, mmx, 3dnowpref, sse, sse2, sse3, ssse3, sse4.1, sse4.2, popcnt, lzcnt, tsc, tscinvbit, avx, avx2, aes, erms, clmul, bmi1, bmi2, adx, fma, vzeroupper, clflush, clflushopt, rdtscp, f16c
Processor Information for all 4 processors :
  Max Mhz: 3912, Current Mhz: 3912, Mhz Limit: 3912

Memory: 4k page, system-wide physical 8098M (3971M free)
TotalPageFile size 12706M (AvailPageFile size 7113M)
current process WorkingSet (physical memory assigned to process): 48M, peak: 48M
current process commit charge ("private bytes"): 211M, peak: 211M

vm_info: Java HotSpot(TM) 64-Bit Server VM (21.0.6+8-LTS-188) for windows-amd64 JRE (21.0.6+8-LTS-188), built on 2024-12-03T10:50:54Z by "mach5one" with MS VC++ 17.6 (VS2022)

END.
